2022-05-02 21:02:52,103 [INFO] Activator:177 - 


2022-05-02 21:02:52,103 [INFO] Activator:178 - !SESSION log4j initialized
2022-05-02 21:02:55,039 [INFO] McuFinderGlobals:39 - Set McuFinder mode to 2 (CubeIDE integrated)
2022-05-02 21:02:57,040 [INFO] ApplicationProperties:181 - Using Application install path: C:\ST\STM32CubeIDE_1.7.0\STM32CubeIDE\plugins\com.st.stm32cube.common.mx_6.5.0.202202251913
2022-05-02 21:02:57,071 [INFO] DbMcusXml:72 - Set database path to: C:\ST\STM32CubeIDE_1.7.0\STM32CubeIDE\plugins\com.st.stm32cube.common.mx_6.5.0.202202251913\\db\/mcu/
2022-05-02 21:02:57,071 [INFO] ApiDb:260 - Set plugin database path to: C:\ST\STM32CubeIDE_1.7.0\STM32CubeIDE\plugins\com.st.stm32cube.common.mx_6.5.0.202202251913\\db\/plugins/boardmanager/
2022-05-02 21:02:57,081 [WARN] ApiDb:245 - Overriding images path with different value:  => C:\ST\STM32CubeIDE_1.7.0\STM32CubeIDE\plugins\com.st.stm32cube.common.mx_6.5.0.202202251913\\db\/plugins/mcufinder/images/
2022-05-02 21:02:57,103 [INFO] ApiDb:226 - Set database path to: C:\Users\asus\.stmcufinder\plugins\mcufinder//mcu/
2022-05-02 21:02:57,103 [INFO] DbMcusAds:119 - Set database path to: C:\Users\asus\.stmcufinder\plugins\mcufinder//mcu/
2022-05-02 21:02:57,760 [INFO] CrossReferenceDbSqlite:196 - Set database path to: C:\Users\asus\.stmcufinder\plugins\mcufinder//mcu/cs/
2022-05-02 21:02:57,932 [INFO] RulesReader:57 - Compatibility file has been processed (281 Rules)
2022-05-02 21:02:58,057 [INFO] DbMcusXml:72 - Set database path to: C:\ST\STM32CubeIDE_1.7.0\STM32CubeIDE\plugins\com.st.stm32cube.common.mx_6.5.0.202202251913\\db\/mcu/
2022-05-02 21:02:58,057 [INFO] ApiDb:260 - Set plugin database path to: C:\ST\STM32CubeIDE_1.7.0\STM32CubeIDE\plugins\com.st.stm32cube.common.mx_6.5.0.202202251913\\db\/plugins/boardmanager/
2022-05-02 21:02:58,057 [INFO] ApiDb:247 - Set plugin images path to: C:\ST\STM32CubeIDE_1.7.0\STM32CubeIDE\plugins\com.st.stm32cube.common.mx_6.5.0.202202251913\\db\/plugins/mcufinder/images/
2022-05-02 21:02:58,057 [WARN] DbFile:35 - Overriding database path with different value: C:\Users\asus\.stmcufinder\plugins\mcufinder/ => C:\Users\asus\.stmcufinder\plugins\mcufinder
2022-05-02 21:02:58,057 [INFO] ApiDb:226 - Set database path to: C:\Users\asus\.stmcufinder\plugins\mcufinder//mcu/
2022-05-02 21:02:58,057 [WARN] DbFile:35 - Overriding database path with different value: C:\Users\asus\.stmcufinder\plugins\mcufinder/ => C:\Users\asus\.stmcufinder\plugins\mcufinder
2022-05-02 21:02:58,057 [INFO] DbMcusAds:119 - Set database path to: C:\Users\asus\.stmcufinder\plugins\mcufinder//mcu/
2022-05-02 21:02:58,057 [WARN] DbFile:35 - Overriding database path with different value: C:\Users\asus\.stmcufinder\plugins\mcufinder/ => C:\Users\asus\.stmcufinder\plugins\mcufinder
2022-05-02 21:02:58,057 [WARN] DbFile:35 - Overriding database path with different value: C:\Users\asus\.stmcufinder\plugins\mcufinder/ => C:\Users\asus\.stmcufinder\plugins\mcufinder
2022-05-02 21:02:58,760 [INFO] CrossReferenceDbSqlite:196 - Set database path to: C:\Users\asus\.stmcufinder\plugins\mcufinder//mcu/cs/
2022-05-02 21:02:58,870 [INFO] MainPanel:230 - HeapMemory: 268435456
2022-05-02 21:02:58,995 [INFO] DbMcusXml:72 - Set database path to: C:\ST\STM32CubeIDE_1.7.0\STM32CubeIDE\plugins\com.st.stm32cube.common.mx_6.5.0.202202251913\\db\/mcu/
2022-05-02 21:02:58,995 [INFO] ApiDb:260 - Set plugin database path to: C:\ST\STM32CubeIDE_1.7.0\STM32CubeIDE\plugins\com.st.stm32cube.common.mx_6.5.0.202202251913\\db\/plugins/boardmanager/
2022-05-02 21:02:58,995 [INFO] ApiDb:247 - Set plugin images path to: C:\ST\STM32CubeIDE_1.7.0\STM32CubeIDE\plugins\com.st.stm32cube.common.mx_6.5.0.202202251913\\db\/plugins/mcufinder/images/
2022-05-02 21:02:58,995 [WARN] DbFile:35 - Overriding database path with different value: C:\Users\asus\.stmcufinder\plugins\mcufinder/ => C:\Users\asus\.stmcufinder\plugins\mcufinder
2022-05-02 21:02:58,995 [INFO] ApiDb:226 - Set database path to: C:\Users\asus\.stmcufinder\plugins\mcufinder//mcu/
2022-05-02 21:02:58,995 [WARN] DbFile:35 - Overriding database path with different value: C:\Users\asus\.stmcufinder\plugins\mcufinder/ => C:\Users\asus\.stmcufinder\plugins\mcufinder
2022-05-02 21:02:58,995 [INFO] DbMcusAds:119 - Set database path to: C:\Users\asus\.stmcufinder\plugins\mcufinder//mcu/
2022-05-02 21:02:58,995 [WARN] DbFile:35 - Overriding database path with different value: C:\Users\asus\.stmcufinder\plugins\mcufinder/ => C:\Users\asus\.stmcufinder\plugins\mcufinder
2022-05-02 21:02:58,995 [WARN] DbFile:35 - Overriding database path with different value: C:\Users\asus\.stmcufinder\plugins\mcufinder/ => C:\Users\asus\.stmcufinder\plugins\mcufinder
2022-05-02 21:02:59,754 [INFO] CrossReferenceDbSqlite:196 - Set database path to: C:\Users\asus\.stmcufinder\plugins\mcufinder//mcu/cs/
2022-05-02 21:02:59,786 [INFO] ApplicationProperties:181 - Using Application install path: C:\ST\STM32CubeIDE_1.7.0\STM32CubeIDE\plugins\com.st.stm32cube.common.mx_6.5.0.202202251913
2022-05-02 21:02:59,786 [INFO] PluginManage:188 - Search for loadable plugins [exclusion list=, ]
2022-05-02 21:02:59,786 [INFO] PluginManage:302 - Check plugin analytics
2022-05-02 21:03:00,833 [INFO] AnalyticsPlugin:257 - Accepted Software Licenses: 
2022-05-02 21:03:00,833 [INFO] AnalyticsPlugin:259 - Accepted CMSIS Pack Licenses: 
2022-05-02 21:03:00,833 [INFO] AnalyticsPlugin:261 - Accepted Firmware Licenses: 
2022-05-02 21:03:00,849 [INFO] PluginManage:352 - Loaded plugin analytics (category:tool,tabindex:-1)
2022-05-02 21:03:00,864 [INFO] PluginManage:302 - Check plugin clock
2022-05-02 21:03:00,864 [INFO] PluginManage:352 - Loaded plugin clock (category:base,tabindex:2)
2022-05-02 21:03:00,864 [INFO] PluginManage:302 - Check plugin ddr
2022-05-02 21:03:00,880 [INFO] PluginManage:352 - Loaded plugin ddr (category:tool,tabindex:6)
2022-05-02 21:03:00,880 [INFO] PluginManage:302 - Check plugin filemanager
2022-05-02 21:03:01,036 [INFO] PluginManage:352 - Loaded plugin filemanager (category:base,tabindex:10)
2022-05-02 21:03:01,036 [INFO] PluginManage:302 - Check plugin ipmanager
2022-05-02 21:03:01,052 [INFO] PluginManage:352 - Loaded plugin ipmanager (category:base,tabindex:5)
2022-05-02 21:03:01,052 [INFO] PluginManage:302 - Check plugin lpbam
2022-05-02 21:03:01,067 [INFO] PluginManage:352 - Loaded plugin lpbam (category:base,tabindex:0)
2022-05-02 21:03:01,067 [INFO] PluginManage:302 - Check plugin pinoutandconfiguration
2022-05-02 21:03:01,083 [INFO] PluginManage:352 - Loaded plugin pinoutandconfiguration (category:base,tabindex:1)
2022-05-02 21:03:01,083 [INFO] PluginManage:302 - Check plugin pinoutconfig
2022-05-02 21:03:01,130 [INFO] PluginManage:352 - Loaded plugin pinoutconfig (category:base,tabindex:0)
2022-05-02 21:03:01,130 [INFO] PluginManage:302 - Check plugin power
2022-05-02 21:03:01,193 [INFO] PluginManage:352 - Loaded plugin power (category:power,tabindex:4)
2022-05-02 21:03:01,193 [INFO] PluginManage:302 - Check plugin projectmanager
2022-05-02 21:03:01,208 [INFO] PluginManage:352 - Loaded plugin projectmanager (category:projectmanager,tabindex:3)
2022-05-02 21:03:01,208 [INFO] PluginManage:302 - Check plugin thirdparty
2022-05-02 21:03:01,396 [INFO] PluginManage:352 - Loaded plugin thirdparty (category:base,tabindex:-1)
2022-05-02 21:03:01,396 [WARN] IntegrityCheckThread:78 - waiting for thirdparty lock release [integrity check]
2022-05-02 21:03:01,396 [INFO] PluginManage:302 - Check plugin tools
2022-05-02 21:03:01,396 [INFO] IntegrityCheckThread:80 - entering critical section [integrity check]
2022-05-02 21:03:01,396 [INFO] PluginManage:352 - Loaded plugin tools (category:base,tabindex:7)
2022-05-02 21:03:01,396 [INFO] PluginManage:302 - Check plugin tutovideos
2022-05-02 21:03:01,396 [INFO] ThirdPartyUpdaterWithRetryManager:66 - Updater plugin not ready yet. [1/15]
2022-05-02 21:03:01,662 [INFO] PluginManage:352 - Loaded plugin tutovideos (category:base,tabindex:-1)
2022-05-02 21:03:01,662 [INFO] PluginManage:302 - Check plugin updater
2022-05-02 21:03:01,678 [INFO] PluginManage:352 - Loaded plugin updater (category:base,tabindex:12)
2022-05-02 21:03:01,678 [INFO] PluginManage:275 - PluginManage : Loaded plugins [14]
2022-05-02 21:03:02,069 [INFO] PinOutPanel:1465 - setPackage(No Configuration,No Configuration)
2022-05-02 21:03:02,194 [INFO] IPUIPlugin:75 - create IPUIPlugin
2022-05-02 21:03:02,194 [INFO] PluginManager:213 - loadIPPluginJar : add adc
2022-05-02 21:03:02,194 [INFO] IPUIPlugin:75 - create IPUIPlugin
2022-05-02 21:03:02,194 [INFO] PluginManager:213 - loadIPPluginJar : add aes
2022-05-02 21:03:02,194 [INFO] IPUIPlugin:75 - create IPUIPlugin
2022-05-02 21:03:02,194 [INFO] PluginManager:213 - loadIPPluginJar : add can
2022-05-02 21:03:02,210 [INFO] IPUIPlugin:75 - create IPUIPlugin
2022-05-02 21:03:02,210 [INFO] PluginManager:213 - loadIPPluginJar : add comp
2022-05-02 21:03:02,210 [INFO] IPUIPlugin:75 - create IPUIPlugin
2022-05-02 21:03:02,210 [INFO] PluginManager:213 - loadIPPluginJar : add cryp
2022-05-02 21:03:02,210 [INFO] IPUIPlugin:75 - create IPUIPlugin
2022-05-02 21:03:02,210 [INFO] PluginManager:213 - loadIPPluginJar : add dfsdm
2022-05-02 21:03:02,225 [INFO] IPUIPlugin:75 - create IPUIPlugin
2022-05-02 21:03:02,225 [INFO] PluginManager:213 - loadIPPluginJar : add dma
2022-05-02 21:03:02,225 [INFO] IPUIPlugin:75 - create IPUIPlugin
2022-05-02 21:03:02,225 [INFO] PluginManager:213 - loadIPPluginJar : add dma3
2022-05-02 21:03:02,225 [INFO] IPUIPlugin:75 - create IPUIPlugin
2022-05-02 21:03:02,225 [INFO] PluginManager:213 - loadIPPluginJar : add fatfs
2022-05-02 21:03:02,225 [INFO] IPUIPlugin:75 - create IPUIPlugin
2022-05-02 21:03:02,225 [INFO] PluginManager:213 - loadIPPluginJar : add fmc
2022-05-02 21:03:02,241 [INFO] IPUIPlugin:75 - create IPUIPlugin
2022-05-02 21:03:02,241 [INFO] PluginManager:213 - loadIPPluginJar : add freertos
2022-05-02 21:03:02,241 [INFO] IPUIPlugin:75 - create IPUIPlugin
2022-05-02 21:03:02,241 [INFO] PluginManager:213 - loadIPPluginJar : add genericplugin
2022-05-02 21:03:02,241 [INFO] IPUIPlugin:75 - create IPUIPlugin
2022-05-02 21:03:02,241 [INFO] PluginManager:213 - loadIPPluginJar : add gfxmmu
2022-05-02 21:03:02,241 [INFO] IPUIPlugin:75 - create IPUIPlugin
2022-05-02 21:03:02,241 [INFO] PluginManager:213 - loadIPPluginJar : add gic
2022-05-02 21:03:02,257 [INFO] IPUIPlugin:75 - create IPUIPlugin
2022-05-02 21:03:02,257 [INFO] PluginManager:213 - loadIPPluginJar : add gpio
2022-05-02 21:03:02,257 [INFO] IPUIPlugin:75 - create IPUIPlugin
2022-05-02 21:03:02,257 [INFO] PluginManager:213 - loadIPPluginJar : add gtzc
2022-05-02 21:03:02,257 [INFO] IPUIPlugin:75 - create IPUIPlugin
2022-05-02 21:03:02,257 [INFO] PluginManager:213 - loadIPPluginJar : add hash
2022-05-02 21:03:02,257 [INFO] IPUIPlugin:75 - create IPUIPlugin
2022-05-02 21:03:02,257 [INFO] PluginManager:213 - loadIPPluginJar : add i2c
2022-05-02 21:03:02,257 [INFO] IPUIPlugin:75 - create IPUIPlugin
2022-05-02 21:03:02,257 [INFO] PluginManager:213 - loadIPPluginJar : add i2s
2022-05-02 21:03:02,272 [INFO] IPUIPlugin:75 - create IPUIPlugin
2022-05-02 21:03:02,272 [INFO] PluginManager:213 - loadIPPluginJar : add ipddr
2022-05-02 21:03:02,272 [INFO] IPUIPlugin:75 - create IPUIPlugin
2022-05-02 21:03:02,272 [INFO] PluginManager:213 - loadIPPluginJar : add linkedlist
2022-05-02 21:03:02,272 [INFO] IPUIPlugin:75 - create IPUIPlugin
2022-05-02 21:03:02,272 [INFO] PluginManager:213 - loadIPPluginJar : add lorawan
2022-05-02 21:03:02,288 [INFO] IPUIPlugin:75 - create IPUIPlugin
2022-05-02 21:03:02,288 [INFO] PluginManager:213 - loadIPPluginJar : add ltdc
2022-05-02 21:03:02,288 [INFO] IPUIPlugin:75 - create IPUIPlugin
2022-05-02 21:03:02,288 [INFO] PluginManager:213 - loadIPPluginJar : add mdma
2022-05-02 21:03:02,288 [INFO] IPUIPlugin:75 - create IPUIPlugin
2022-05-02 21:03:02,288 [INFO] PluginManager:213 - loadIPPluginJar : add nvic
2022-05-02 21:03:02,304 [INFO] IPUIPlugin:75 - create IPUIPlugin
2022-05-02 21:03:02,304 [INFO] PluginManager:213 - loadIPPluginJar : add opamp
2022-05-02 21:03:02,304 [INFO] IPUIPlugin:75 - create IPUIPlugin
2022-05-02 21:03:02,304 [INFO] PluginManager:213 - loadIPPluginJar : add openamp
2022-05-02 21:03:02,304 [INFO] IPUIPlugin:75 - create IPUIPlugin
2022-05-02 21:03:02,304 [INFO] PluginManager:213 - loadIPPluginJar : add pdm2pcm
2022-05-02 21:03:02,319 [INFO] IPUIPlugin:75 - create IPUIPlugin
2022-05-02 21:03:02,319 [INFO] PluginManager:213 - loadIPPluginJar : add plateformsettings
2022-05-02 21:03:02,319 [INFO] IPUIPlugin:75 - create IPUIPlugin
2022-05-02 21:03:02,319 [INFO] PluginManager:213 - loadIPPluginJar : add quadspi
2022-05-02 21:03:02,319 [INFO] IPUIPlugin:75 - create IPUIPlugin
2022-05-02 21:03:02,319 [INFO] PluginManager:213 - loadIPPluginJar : add resmgrutility
2022-05-02 21:03:02,335 [INFO] IPUIPlugin:75 - create IPUIPlugin
2022-05-02 21:03:02,335 [INFO] PluginManager:213 - loadIPPluginJar : add sai
2022-05-02 21:03:02,335 [INFO] IPUIPlugin:75 - create IPUIPlugin
2022-05-02 21:03:02,335 [INFO] PluginManager:213 - loadIPPluginJar : add spi
2022-05-02 21:03:02,335 [INFO] IPUIPlugin:75 - create IPUIPlugin
2022-05-02 21:03:02,335 [INFO] PluginManager:213 - loadIPPluginJar : add stm32_wpan
2022-05-02 21:03:02,335 [INFO] IPUIPlugin:75 - create IPUIPlugin
2022-05-02 21:03:02,335 [INFO] PluginManager:213 - loadIPPluginJar : add tim
2022-05-02 21:03:02,351 [INFO] IPUIPlugin:75 - create IPUIPlugin
2022-05-02 21:03:02,351 [INFO] PluginManager:213 - loadIPPluginJar : add touchsensing
2022-05-02 21:03:02,351 [INFO] IPUIPlugin:75 - create IPUIPlugin
2022-05-02 21:03:02,351 [INFO] PluginManager:213 - loadIPPluginJar : add tracer_emb
2022-05-02 21:03:02,351 [INFO] IPUIPlugin:75 - create IPUIPlugin
2022-05-02 21:03:02,351 [INFO] PluginManager:213 - loadIPPluginJar : add ts
2022-05-02 21:03:02,351 [INFO] IPUIPlugin:75 - create IPUIPlugin
2022-05-02 21:03:02,351 [INFO] PluginManager:213 - loadIPPluginJar : add tsc
2022-05-02 21:03:02,351 [INFO] IPUIPlugin:75 - create IPUIPlugin
2022-05-02 21:03:02,351 [INFO] PluginManager:213 - loadIPPluginJar : add ucpd
2022-05-02 21:03:02,351 [INFO] IPUIPlugin:75 - create IPUIPlugin
2022-05-02 21:03:02,351 [INFO] PluginManager:213 - loadIPPluginJar : add usart
2022-05-02 21:03:02,366 [INFO] IPUIPlugin:75 - create IPUIPlugin
2022-05-02 21:03:02,366 [INFO] PluginManager:213 - loadIPPluginJar : add usbx
2022-05-02 21:03:02,767 [FATAL] Updater:297 - Updater called before beeing initialized
2022-05-02 21:03:02,955 [FATAL] Updater:297 - Updater called before beeing initialized
2022-05-02 21:03:02,971 [INFO] DbMcusAds:47 - JSON generation date=Thu Sep 30 13:56:37 ICT 2021 (1632984997303)
2022-05-02 21:03:02,971 [FATAL] Updater:297 - Updater called before beeing initialized
2022-05-02 21:03:03,017 [WARN] DetailPanel:320 - Failed to get advertising image, set to default
2022-05-02 21:03:03,189 [FATAL] Updater:297 - Updater called before beeing initialized
2022-05-02 21:03:03,189 [FATAL] Updater:297 - Updater called before beeing initialized
2022-05-02 21:03:03,189 [FATAL] Updater:297 - Updater called before beeing initialized
2022-05-02 21:03:03,189 [WARN] DetailPanel:320 - Failed to get advertising image, set to default
2022-05-02 21:03:03,189 [FATAL] Updater:297 - Updater called before beeing initialized
2022-05-02 21:03:03,267 [INFO] Updater:1026 - Updater Version found : 6.5.0
2022-05-02 21:03:03,299 [INFO] ApplicationProperties:181 - Using Application install path: C:\ST\STM32CubeIDE_1.7.0\STM32CubeIDE\plugins\com.st.stm32cube.common.mx_6.5.0.202202251913
2022-05-02 21:03:04,409 [INFO] ThirdPartyUpdaterWithRetryManager:66 - Updater plugin not ready yet. [2/15]
2022-05-02 21:03:05,660 [INFO] MainUpdater:2729 - connection check result : 10
2022-05-02 21:03:05,660 [INFO] MainUpdater:276 - Updater Check For Update Now.
2022-05-02 21:03:05,660 [INFO] MicroXplorer:477 - Change Database Version : DB.6.0.50
2022-05-02 21:03:05,848 [INFO] CheckServerUpdateThread:115 - End of CheckServer Thread
2022-05-02 21:03:05,863 [INFO] MainUpdater:2729 - connection check result : 10
2022-05-02 21:03:06,218 [INFO] McuFinderGlobals:52 - Set McuFinderConnectedMode to true
2022-05-02 21:03:06,233 [INFO] MultiScanPanel:195 - Auto-refresh data requested => check proxy status ongoing
2022-05-02 21:03:06,233 [INFO] FinderPluginLoader:87 - Searching for filters in installed packs
2022-05-02 21:03:06,374 [INFO] ApiDb:567 - Connected to CubeFinder SQLite database (C:\Users\asus\.stmcufinder\plugins\mcufinder\mcu\cube-finder-db.db)
2022-05-02 21:03:06,421 [INFO] ApiDb:654 - CubeFinder database Data Model version=2.1
2022-05-02 21:03:06,421 [INFO] ApiDb:655 - CubeFinder database Configuration version=3.0.28
2022-05-02 21:03:06,421 [INFO] ApiDb:656 - CubeFinder database generation date=2022-04-07 (1649336788)
2022-05-02 21:03:06,421 [INFO] ApiDb:657 - CubeFinder database FW Pack versions=[STM32Cube_FW_C0_V1.0.0, STM32Cube_FW_F4_V1.27.0, STM32Cube_FW_F7_V1.16.2, STM32Cube_FW_G0_V1.5.1, STM32Cube_FW_G4_V1.5.0, STM32Cube_FW_H7_V1.10.0, STM32Cube_FW_L5_V1.4.0, STM32Cube_FW_U5_V1.1.0, STM32Cube_FW_WB_V1.13.3, STM32Cube_FW_WL_V1.2.0, X-CUBE-ALGOBUILD_V1.3.0, X-CUBE-ALS_V1.0.1, X-CUBE-AZRTOS-F4_V1.0.0, X-CUBE-AZRTOS-F7_V1.0.0, X-CUBE-AZRTOS-G0_V1.0.0, X-CUBE-AZRTOS-G4_V1.0.0, X-CUBE-AZRTOS-H7_V2.0.0, X-CUBE-AZRTOS-L4_V1.0.0, X-CUBE-AZRTOS-L5_V1.0.0, X-CUBE-AZRTOS-WL_V1.0.0, X-CUBE-BLE1_V6.2.3, X-CUBE-BLE2_V3.2.2, X-CUBE-EEPRMA1_V3.1.1, X-CUBE-GNSS1_V5.2.0, X-CUBE-MEMS1_V9.1.0, X-CUBE-NFC4_V2.0.3, X-CUBE-NFC7_V1.0.0, X-CUBE-SFXS2LP1_V3.1.0, X-CUBE-SUBG2_V4.2.0]
2022-05-02 21:03:07,609 [WARN] PackLoader:238 - Cannot read IP mode file for wolfSSL.I-CUBE-wolfSSL.5.2.0
2022-05-02 21:03:07,718 [WARN] PackLoader:238 - Cannot read IP mode file for STMicroelectronics.X-CUBE-MEMS1.9.2.0
2022-05-02 21:03:08,031 [WARN] PackLoader:238 - Cannot read IP mode file for STMicroelectronics.X-CUBE-AI.7.1.0
2022-05-02 21:03:08,045 [WARN] PackLoader:238 - Cannot read IP mode file for STMicroelectronics.X-CUBE-TOUCHGFX.4.19.1
2022-05-02 21:03:08,047 [WARN] PackLoader:238 - Cannot read IP mode file for STMicroelectronics.X-CUBE-BLE1.6.2.3
2022-05-02 21:03:08,062 [WARN] PackLoader:238 - Cannot read IP mode file for STMicroelectronics.X-CUBE-NFC4.2.0.4
2022-05-02 21:03:08,062 [WARN] PackLoader:238 - Cannot read IP mode file for STMicroelectronics.X-CUBE-BLE2.3.2.2
2022-05-02 21:03:08,078 [WARN] PackLoader:238 - Cannot read IP mode file for STMicroelectronics.X-CUBE-SFXS2LP1.3.1.0
2022-05-02 21:03:08,109 [WARN] PackLoader:238 - Cannot read IP mode file for STMicroelectronics.X-CUBE-AZRTOS-F4.1.0.0
2022-05-02 21:03:08,125 [WARN] PackLoader:238 - Cannot read IP mode file for STMicroelectronics.X-CUBE-NFC7.1.0.0
2022-05-02 21:03:08,125 [WARN] PackLoader:238 - Cannot read IP mode file for STMicroelectronics.X-CUBE-SUBG2.4.2.0
2022-05-02 21:03:08,172 [WARN] PackLoader:238 - Cannot read IP mode file for STMicroelectronics.X-CUBE-AZRTOS-G0.1.0.0
2022-05-02 21:03:08,203 [WARN] PackLoader:238 - Cannot read IP mode file for RoweBots.I-CUBE-UNISONRTOS.5.5.0-4
2022-05-02 21:03:08,219 [WARN] PackLoader:238 - Cannot read IP mode file for STMicroelectronics.X-CUBE-AZRTOS-H7.2.1.0
2022-05-02 21:03:08,234 [WARN] PackLoader:238 - Cannot read IP mode file for STMicroelectronics.X-CUBE-ALGOBUILD.1.3.0
2022-05-02 21:03:08,312 [WARN] PackLoader:238 - Cannot read IP mode file for SEGGER.I-CUBE-embOS.1.2.0
2022-05-02 21:03:08,359 [WARN] PackLoader:238 - Cannot read IP mode file for STMicroelectronics.X-CUBE-DISPLAY.2.1.0
2022-05-02 21:03:08,375 [WARN] PackLoader:238 - Cannot read IP mode file for STMicroelectronics.X-CUBE-AZRTOS-G4.1.0.0
2022-05-02 21:03:08,406 [WARN] PackLoader:238 - Cannot read IP mode file for STMicroelectronics.X-CUBE-AZRTOS-L4.1.0.0
2022-05-02 21:03:08,422 [WARN] PackLoader:238 - Cannot read IP mode file for emotas.I-CUBE-CANOPEN.1.1.2
2022-05-02 21:03:08,453 [WARN] PackLoader:238 - Cannot read IP mode file for STMicroelectronics.X-CUBE-AZRTOS-F7.1.0.0
2022-05-02 21:03:08,484 [WARN] PackLoader:238 - Cannot read IP mode file for STMicroelectronics.X-CUBE-AZRTOS-WL.1.0.0
2022-05-02 21:03:08,484 [WARN] PackLoader:238 - Cannot read IP mode file for portGmbH.I-Cube-SoM-uGOAL.1.1.0
2022-05-02 21:03:08,506 [WARN] PackLoader:238 - Cannot read IP mode file for STMicroelectronics.X-CUBE-ALS.1.0.1
2022-05-02 21:03:08,516 [WARN] PackLoader:238 - Cannot read IP mode file for STMicroelectronics.X-CUBE-AZRTOS-L5.1.0.0
2022-05-02 21:03:08,531 [WARN] PackLoader:238 - Cannot read IP mode file for STMicroelectronics.X-CUBE-EEPRMA1.3.1.1
2022-05-02 21:03:08,531 [WARN] PackLoader:238 - Cannot read IP mode file for STMicroelectronics.X-CUBE-GNSS1.5.2.0
2022-05-02 21:03:08,547 [WARN] PackLoader:238 - Cannot read IP mode file for STMicroelectronics.X-CUBE-TOF1.3.0.0
2022-05-02 21:03:08,547 [INFO] ThirdParty:925 - Integrity check success = true
2022-05-02 21:03:08,547 [INFO] IntegrityCheckThread:94 - exiting critical section [integrity check]
2022-05-02 21:03:08,547 [INFO] IntegrityCheckThread:97 - End integrity checks thread
2022-05-02 21:03:09,344 [INFO] ApiDb:212 - Found 97 in-development CPN: [NUCLEO-C031C6, STM32C0116-DK, STM32C011D6Y3TR, STM32C011D6Y6TR, STM32C011F4P3, STM32C011F4P6, STM32C011F4U3, STM32C011F4U6TR, STM32C011F6P3, STM32C011F6P6, STM32C011F6U3, STM32C011F6U6TR, STM32C011J4M3, STM32C011J4M6, STM32C011J6M3, STM32C011J6M6, STM32C0316-DK, STM32C031C4T3, STM32C031C4T6, STM32C031C4U3, STM32C031C4U6, STM32C031C6T3, STM32C031C6T6, STM32C031C6U3, STM32C031C6U6, STM32C031F4P3, STM32C031F4P6, STM32C031F6P3, STM32C031F6P6, STM32C031G4U3, STM32C031G4U6, STM32C031G6U3, STM32C031G6U6, STM32C031K4T3, STM32C031K4T6, STM32C031K4U3, STM32C031K4U6, STM32C031K6T3, STM32C031K6T6, STM32C031K6U3, STM32C031K6U6, STM32G071K8TXN, STM32G071K8UXN, STM32G081GBU6N, STM32G081KBT6N, STM32G081KBUXN, STM32G0B1CCT6N, STM32G0B1KCT6, STM32G0B1NEY6, STM32G0B1NEY6TR, STM32G0B1RCT6N, STM32G0C1CCT6, STM32G0C1CCT6N, STM32G0C1CCU6N, STM32G0C1CET6N, STM32G0C1CEU6N, STM32G0C1KCT6, STM32G0C1NEY6TR, STM32G0C1RCI6N, STM32G0C1RCT6N, STM32G0C1REI6N, STM32G0C1RET6N, STM32G0C1VCI6, STM32G0C1VEI6, STM32G471CCT6, STM32G471CCU6, STM32G471CET3, STM32G471CET6, STM32G471CEU3, STM32G471CEU6, STM32G471MCT6, STM32G471MET3, STM32G471MET6, STM32G471MEY6TR, STM32G471QCT6, STM32G471QET3, STM32G471RCT6, STM32G471RET3, STM32G471RET6, STM32G471VCH6, STM32G471VCI6, STM32G471VCT6, STM32G471VEH3, STM32G471VEH6, STM32G471VEI3, STM32G471VEI6, STM32G471VET3, STM32G471VET6, STM32G474CCT6, STM32L4R5QGI6STR, STM32U595ZJT6Q, STM32U599BJY6QTR, STM32U599NIH6Q, STM32U599NJH6Q, STM32U5A5ZJT6Q, STM32U5A9BJY6QTR, STM32U5A9NJH6Q]
2022-05-02 21:03:09,344 [INFO] DbMcus:201 - Found 3458 MCUs, 3458 are supported
2022-05-02 21:03:09,344 [INFO] ApiDb:407 - Load user favorites file C:\Users\asus/.stm32cubeide/favorites.mcus.txt: 0 item(s)
2022-05-02 21:03:09,344 [INFO] ApiDb:411 - User favorites MCUs=[]
2022-05-02 21:03:09,344 [INFO] DbMcus:207 - Set 0 / 0 favorites MCUs
2022-05-02 21:03:11,282 [INFO] LoadUrlFilesThread:173 - End of LoadServerUrlFiles without Thread
2022-05-02 21:03:11,314 [INFO] DetailPanel:315 - Set advertising image to C:/Users/asus/STM32Cube/Repository/\en.Prom_NBSTM32U50921.jpg
2022-05-02 21:03:12,048 [INFO] ToolPreferences:109 - Table McuList, key=mcufinder_cubeide.mculist: column name not found=IO
2022-05-02 21:03:12,048 [INFO] ToolPreferences:109 - Table McuList, key=mcufinder_cubeide.mculist: column name not found=Freq.
2022-05-02 21:03:12,048 [INFO] MultiScanPanel:787 - Auto Refresh Data is not needed
2022-05-02 21:03:12,064 [INFO] ApiDb:654 - CubeFinder database Data Model version=2.1
2022-05-02 21:03:12,064 [INFO] ApiDb:655 - CubeFinder database Configuration version=3.0.28
2022-05-02 21:03:12,064 [INFO] ApiDb:656 - CubeFinder database generation date=2022-04-07 (1649336788)
2022-05-02 21:03:12,064 [INFO] ApiDb:657 - CubeFinder database FW Pack versions=[STM32Cube_FW_C0_V1.0.0, STM32Cube_FW_F4_V1.27.0, STM32Cube_FW_F7_V1.16.2, STM32Cube_FW_G0_V1.5.1, STM32Cube_FW_G4_V1.5.0, STM32Cube_FW_H7_V1.10.0, STM32Cube_FW_L5_V1.4.0, STM32Cube_FW_U5_V1.1.0, STM32Cube_FW_WB_V1.13.3, STM32Cube_FW_WL_V1.2.0, X-CUBE-ALGOBUILD_V1.3.0, X-CUBE-ALS_V1.0.1, X-CUBE-AZRTOS-F4_V1.0.0, X-CUBE-AZRTOS-F7_V1.0.0, X-CUBE-AZRTOS-G0_V1.0.0, X-CUBE-AZRTOS-G4_V1.0.0, X-CUBE-AZRTOS-H7_V2.0.0, X-CUBE-AZRTOS-L4_V1.0.0, X-CUBE-AZRTOS-L5_V1.0.0, X-CUBE-AZRTOS-WL_V1.0.0, X-CUBE-BLE1_V6.2.3, X-CUBE-BLE2_V3.2.2, X-CUBE-EEPRMA1_V3.1.1, X-CUBE-GNSS1_V5.2.0, X-CUBE-MEMS1_V9.1.0, X-CUBE-NFC4_V2.0.3, X-CUBE-NFC7_V1.0.0, X-CUBE-SFXS2LP1_V3.1.0, X-CUBE-SUBG2_V4.2.0]
2022-05-02 21:03:12,126 [INFO] DbBoardsSqlite:220 - include board P-NUCLEO-WB55-NUCLEO as a kit item of type 'Nucleo-64'
2022-05-02 21:03:12,126 [INFO] DbBoardsSqlite:220 - include board P-NUCLEO-WB55-USBDONGLE as a kit item of type 'Nucleo USB Dongle'
2022-05-02 21:03:12,126 [INFO] DbBoardsSqlite:220 - include board STEVAL-IDP005V1 as a kit item of type 'Evaluation Board'
2022-05-02 21:03:12,126 [INFO] DbBoardsSqlite:220 - include board STEVAL-IDP005V2 as a kit item of type 'Evaluation Board'
2022-05-02 21:03:12,142 [INFO] ApiDb:212 - Found 97 in-development CPN: [NUCLEO-C031C6, STM32C0116-DK, STM32C011D6Y3TR, STM32C011D6Y6TR, STM32C011F4P3, STM32C011F4P6, STM32C011F4U3, STM32C011F4U6TR, STM32C011F6P3, STM32C011F6P6, STM32C011F6U3, STM32C011F6U6TR, STM32C011J4M3, STM32C011J4M6, STM32C011J6M3, STM32C011J6M6, STM32C0316-DK, STM32C031C4T3, STM32C031C4T6, STM32C031C4U3, STM32C031C4U6, STM32C031C6T3, STM32C031C6T6, STM32C031C6U3, STM32C031C6U6, STM32C031F4P3, STM32C031F4P6, STM32C031F6P3, STM32C031F6P6, STM32C031G4U3, STM32C031G4U6, STM32C031G6U3, STM32C031G6U6, STM32C031K4T3, STM32C031K4T6, STM32C031K4U3, STM32C031K4U6, STM32C031K6T3, STM32C031K6T6, STM32C031K6U3, STM32C031K6U6, STM32G071K8TXN, STM32G071K8UXN, STM32G081GBU6N, STM32G081KBT6N, STM32G081KBUXN, STM32G0B1CCT6N, STM32G0B1KCT6, STM32G0B1NEY6, STM32G0B1NEY6TR, STM32G0B1RCT6N, STM32G0C1CCT6, STM32G0C1CCT6N, STM32G0C1CCU6N, STM32G0C1CET6N, STM32G0C1CEU6N, STM32G0C1KCT6, STM32G0C1NEY6TR, STM32G0C1RCI6N, STM32G0C1RCT6N, STM32G0C1REI6N, STM32G0C1RET6N, STM32G0C1VCI6, STM32G0C1VEI6, STM32G471CCT6, STM32G471CCU6, STM32G471CET3, STM32G471CET6, STM32G471CEU3, STM32G471CEU6, STM32G471MCT6, STM32G471MET3, STM32G471MET6, STM32G471MEY6TR, STM32G471QCT6, STM32G471QET3, STM32G471RCT6, STM32G471RET3, STM32G471RET6, STM32G471VCH6, STM32G471VCI6, STM32G471VCT6, STM32G471VEH3, STM32G471VEH6, STM32G471VEI3, STM32G471VEI6, STM32G471VET3, STM32G471VET6, STM32G474CCT6, STM32L4R5QGI6STR, STM32U595ZJT6Q, STM32U599BJY6QTR, STM32U599NIH6Q, STM32U599NJH6Q, STM32U5A5ZJT6Q, STM32U5A9BJY6QTR, STM32U5A9NJH6Q]
2022-05-02 21:03:12,142 [INFO] BoardInfo:872 - No configuration file found for board B-G431B-ESC1
2022-05-02 21:03:12,142 [INFO] DbBoards:144 - Board is not supported: B-G431B-ESC1
2022-05-02 21:03:12,157 [INFO] BoardInfo:872 - No configuration file found for board I-NUCLEO-LRWAN1
2022-05-02 21:03:12,157 [INFO] DbBoards:144 - Board is not supported: I-NUCLEO-LRWAN1
2022-05-02 21:03:12,282 [INFO] BoardInfo:872 - No configuration file found for board P-NUCLEO-WB55
2022-05-02 21:03:12,282 [INFO] DbBoards:144 - Kit is not supported: P-NUCLEO-WB55
2022-05-02 21:03:12,298 [INFO] BoardInfo:872 - No configuration file found for board STEVAL-BFA001V1B
2022-05-02 21:03:12,298 [INFO] DbBoards:144 - Kit is not supported: STEVAL-BFA001V1B
2022-05-02 21:03:12,298 [INFO] BoardInfo:872 - No configuration file found for board STEVAL-BFA001V2B
2022-05-02 21:03:12,298 [INFO] DbBoards:144 - Kit is not supported: STEVAL-BFA001V2B
2022-05-02 21:03:12,423 [INFO] DbBoards:148 - Found 174 boards, 169 are supported
2022-05-02 21:03:12,423 [INFO] ApiDb:407 - Load user favorites file C:\Users\asus/.stm32cubeide/favorites.boards.txt: 0 item(s)
2022-05-02 21:03:12,423 [INFO] ApiDb:411 - User favorites Boards=[]
2022-05-02 21:03:12,423 [INFO] DbBoards:174 - Set 0 / 0 favorites Boards
2022-05-02 21:03:32,942 [INFO] MainUpdater:2729 - connection check result : 10
2022-05-02 21:03:32,942 [INFO] MainUpdater:2729 - connection check result : 10
2022-05-02 21:03:32,958 [INFO] MicroXplorer:447 - Change Database Path : 
2022-05-02 21:03:32,958 [INFO] MicroXplorer:477 - Change Database Version : DB.6.0.50
2022-05-02 21:03:32,958 [WARN] ThirdParty:823 - waiting for thirdparty lock release [close project]
2022-05-02 21:03:32,958 [INFO] ThirdParty:825 - entering critical section [close project]
2022-05-02 21:03:32,958 [INFO] ThirdParty:835 - exiting critical section [close project]
2022-05-02 21:03:32,973 [INFO] PinOutPanel:1465 - setPackage(No Configuration,No Configuration)
2022-05-02 21:03:32,973 [INFO] UtilMem:74 - Begin LoadConfig() Used Memory: 229724760 Bytes (455081984)
2022-05-02 21:03:32,973 [INFO] MicroXplorer:447 - Change Database Path : 
2022-05-02 21:03:32,973 [INFO] MicroXplorer:477 - Change Database Version : DB.6.0.50
2022-05-02 21:03:32,973 [INFO] OpenFileManager:303 - Change cursor
2022-05-02 21:03:33,020 [INFO] Mcu:1893 - Initializing MCU STM32F103C6Tx STM32F103C6Tx 
2022-05-02 21:03:33,020 [INFO] Mcu:1906 - No CPN specified => set CPN to STM32F103C6T6A
2022-05-02 21:03:33,895 [INFO] Context:599 - Trying to add GPIOservice into a context  which must be forbidden
2022-05-02 21:03:34,218 [INFO] ImportTextPane:183 - (OptionalMessage_ERROR) Unable to find key (Mcu.ThirdPartyNb) in loaded IOC file
2022-05-02 21:03:34,218 [INFO] ImportTextPane:183 - (OptionalMessage_ERROR) Unable to find key (Mcu.PinsNb) in loaded IOC file
2022-05-02 21:03:34,218 [INFO] ImportTextPane:183 - (OptionalMessage_ERROR) Unable to find key (Mcu.IPNb) in loaded IOC file
2022-05-02 21:03:34,290 [WARN] ApiManager:304 - Cannot register API 'Board Extension:S2868A1' from pack STMicroelectronics.X-CUBE-SFXS2LP1.3.1.0: no header file found
2022-05-02 21:03:34,290 [WARN] ApiManager:304 - Cannot register API 'Board Extension:S2868A2' from pack STMicroelectronics.X-CUBE-SFXS2LP1.3.1.0: no header file found
2022-05-02 21:03:34,290 [WARN] ApiManager:304 - Cannot register API 'Board Extension:S2915A1' from pack STMicroelectronics.X-CUBE-SFXS2LP1.3.1.0: no header file found
2022-05-02 21:03:34,306 [WARN] ModelIntegratedComponent:60 - No mode defined for component null
2022-05-02 21:03:34,306 [WARN] ModelIntegratedComponent:60 - No mode defined for component null
2022-05-02 21:03:34,306 [WARN] ModelIntegratedComponent:60 - No mode defined for component null
2022-05-02 21:03:34,306 [WARN] ModelIntegratedComponent:60 - No mode defined for component null
2022-05-02 21:03:34,306 [WARN] ModelIntegratedComponent:60 - No mode defined for component null
2022-05-02 21:03:34,306 [WARN] ModelIntegratedComponent:60 - No mode defined for component null
2022-05-02 21:03:34,306 [WARN] ModelIntegratedComponent:60 - No mode defined for component null
2022-05-02 21:03:34,306 [WARN] ModelIntegratedComponent:60 - No mode defined for component null
2022-05-02 21:03:34,306 [WARN] ModelIntegratedComponent:60 - No mode defined for component null
2022-05-02 21:03:34,306 [WARN] ModelIntegratedComponent:60 - No mode defined for component null
2022-05-02 21:03:34,306 [WARN] ModelIntegratedComponent:60 - No mode defined for component null
2022-05-02 21:03:34,306 [WARN] ModelIntegratedComponent:60 - No mode defined for component null
2022-05-02 21:03:34,306 [WARN] ModelIntegratedComponent:60 - No mode defined for component null
2022-05-02 21:03:34,306 [WARN] ModelIntegratedComponent:60 - No mode defined for component null
2022-05-02 21:03:34,306 [WARN] ModelIntegratedComponent:60 - No mode defined for component null
2022-05-02 21:03:34,306 [WARN] ModelIntegratedComponent:60 - No mode defined for component null
2022-05-02 21:03:34,306 [WARN] ModelIntegratedComponent:60 - No mode defined for component null
2022-05-02 21:03:34,306 [WARN] ModelIntegratedComponent:60 - No mode defined for component null
2022-05-02 21:03:34,306 [WARN] ModelIntegratedComponent:60 - No mode defined for component null
2022-05-02 21:03:34,306 [WARN] ModelIntegratedComponent:60 - No mode defined for component null
2022-05-02 21:03:34,306 [WARN] ModelIntegratedComponent:60 - No mode defined for component null
2022-05-02 21:03:34,306 [WARN] ModelIntegratedComponent:60 - No mode defined for component null
2022-05-02 21:03:34,306 [WARN] ModelIntegratedComponent:60 - No mode defined for component null
2022-05-02 21:03:34,306 [WARN] ModelIntegratedComponent:60 - No mode defined for component null
2022-05-02 21:03:34,306 [WARN] ModelIntegratedComponent:60 - No mode defined for component null
2022-05-02 21:03:34,306 [WARN] ModelIntegratedComponent:60 - No mode defined for component null
2022-05-02 21:03:34,306 [WARN] ModelIntegratedComponent:60 - No mode defined for component null
2022-05-02 21:03:34,306 [WARN] ModelIntegratedComponent:60 - No mode defined for component null
2022-05-02 21:03:34,306 [WARN] ModelIntegratedComponent:60 - No mode defined for component null
2022-05-02 21:03:34,306 [WARN] ModelIntegratedComponent:60 - No mode defined for component null
2022-05-02 21:03:34,306 [WARN] ModelIntegratedComponent:60 - No mode defined for component null
2022-05-02 21:03:34,306 [WARN] ModelIntegratedComponent:60 - No mode defined for component null
2022-05-02 21:03:34,306 [WARN] ModelIntegratedComponent:60 - No mode defined for component null
2022-05-02 21:03:34,306 [WARN] ApiManager:304 - Cannot register API 'Board Extension:NFC07A1' from pack STMicroelectronics.X-CUBE-NFC7.1.0.0: no header file found
2022-05-02 21:03:34,462 [WARN] ApiManager:304 - Cannot register API 'Board Extension:IKS01A3' from pack STMicroelectronics.X-CUBE-MEMS1.9.2.0: no header file found
2022-05-02 21:03:34,462 [WARN] ApiManager:304 - Cannot register API 'Board Extension:IKS01A2' from pack STMicroelectronics.X-CUBE-MEMS1.9.2.0: no header file found
2022-05-02 21:03:34,462 [WARN] ApiManager:304 - Cannot register API 'Board Extension:IKS02A1' from pack STMicroelectronics.X-CUBE-MEMS1.9.2.0: no header file found
2022-05-02 21:03:34,478 [WARN] ApiManager:304 - Cannot register API 'Board Extension:S2868A1' from pack STMicroelectronics.X-CUBE-SUBG2.4.2.0: no header file found
2022-05-02 21:03:34,478 [WARN] ApiManager:304 - Cannot register API 'Board Extension:S2868A2' from pack STMicroelectronics.X-CUBE-SUBG2.4.2.0: no header file found
2022-05-02 21:03:34,478 [WARN] ApiManager:304 - Cannot register API 'Board Extension:S2915A1' from pack STMicroelectronics.X-CUBE-SUBG2.4.2.0: no header file found
2022-05-02 21:03:34,478 [WARN] ApiManager:304 - Cannot register API 'Wireless:BlueNRG-MS' from pack STMicroelectronics.X-CUBE-BLE1.6.2.3: no header file found
2022-05-02 21:03:34,478 [INFO] RtosManager:484 - Registered RTOS mode: class=CMSIS, group=RTOS, mode=CMSIS_V1, owner=FREERTOS
2022-05-02 21:03:34,478 [INFO] RtosManager:484 - Registered RTOS mode: class=CMSIS, group=RTOS2, mode=CMSIS_V2, owner=FREERTOS
2022-05-02 21:03:34,478 [INFO] RtosManager:484 - Registered RTOS mode: class=RTOS, group=Core, mode=CMSIS_V1, owner=FREERTOS
2022-05-02 21:03:34,478 [INFO] RtosManager:484 - Registered RTOS mode: class=RTOS, group=Core, mode=CMSIS_V2, owner=FREERTOS
2022-05-02 21:03:34,478 [WARN] ModelIntegratedComponent:181 - Missing modes for component STMicroelectronics:FreeRTOS:0.0.1:STMicroelectronics:RTOS:FreeRTOS:Core:::10.2.0:
2022-05-02 21:03:34,494 [WARN] ApiManager:304 - Cannot register API 'Board Extension:EEPRMA1' from pack STMicroelectronics.X-CUBE-EEPRMA1.3.1.1: no header file found
2022-05-02 21:03:34,494 [WARN] ApiManager:304 - Cannot register API 'Board Extension:EEPRMA2' from pack STMicroelectronics.X-CUBE-EEPRMA1.3.1.1: no header file found
2022-05-02 21:03:34,494 [WARN] ApiManager:304 - Cannot register API 'Board Extension:GNSS1A1' from pack STMicroelectronics.X-CUBE-GNSS1.5.2.0: no header file found
2022-05-02 21:03:34,494 [WARN] ApiManager:304 - Cannot register API 'Board Support:Custom' from pack STMicroelectronics.X-CUBE-GNSS1.5.2.0: no header file found
2022-05-02 21:03:34,494 [WARN] ApiManager:304 - Cannot register API 'Data Exchange:lib_gnss' from pack STMicroelectronics.X-CUBE-GNSS1.5.2.0: no header file found
2022-05-02 21:03:34,494 [WARN] ApiManager:304 - Cannot register API 'Board Extension:NFC04A1' from pack STMicroelectronics.X-CUBE-NFC4.2.0.4: no header file found
2022-05-02 21:03:34,494 [WARN] ApiManager:304 - Cannot register API 'Wireless:BlueNRG-2' from pack STMicroelectronics.X-CUBE-BLE2.3.2.2: no header file found
2022-05-02 21:03:34,509 [INFO] ThirdPartyModel:282 - Start build external matchings
2022-05-02 21:03:34,837 [INFO] ThirdPartyModel:295 - End build external matchings
2022-05-02 21:03:35,057 [INFO] UtilMem:74 - End LoadConfig() Used Memory: 207755952 Bytes (455081984)
2022-05-02 21:03:35,072 [WARN] ThirdParty:785 - waiting for thirdparty lock release [change project]
2022-05-02 21:03:35,072 [INFO] ThirdParty:787 - entering critical section [change project]
2022-05-02 21:03:35,072 [INFO] ThirdParty:977 - CMSIS Pack Vendor :STMicroelectronics X-CUBE-SFXS2LP1 3.1.0
2022-05-02 21:03:35,072 [INFO] ThirdParty:977 - CMSIS Pack Vendor :wolfSSL I-CUBE-wolfSSL 5.2.0
2022-05-02 21:03:35,072 [INFO] ThirdParty:977 - CMSIS Pack Vendor :RoweBots I-CUBE-UNISONRTOS 5.5.0-4
2022-05-02 21:03:35,072 [INFO] ThirdParty:977 - CMSIS Pack Vendor :STMicroelectronics X-CUBE-AZRTOS-F4 1.0.0
2022-05-02 21:03:35,072 [INFO] ThirdParty:977 - CMSIS Pack Vendor :STMicroelectronics X-CUBE-AZRTOS-H7 2.1.0
2022-05-02 21:03:35,072 [INFO] ThirdParty:977 - CMSIS Pack Vendor :STMicroelectronics USB_HOST 2.0.0
2022-05-02 21:03:35,072 [INFO] ThirdParty:977 - CMSIS Pack Vendor :STMicroelectronics LIBJPEG 8.0.0
2022-05-02 21:03:35,072 [INFO] ThirdParty:977 - CMSIS Pack Vendor :STMicroelectronics X-CUBE-AZRTOS-G4 1.0.0
2022-05-02 21:03:35,072 [INFO] ThirdParty:977 - CMSIS Pack Vendor :STMicroelectronics X-CUBE-AZRTOS-L4 1.0.0
2022-05-02 21:03:35,072 [INFO] ThirdParty:977 - CMSIS Pack Vendor :STMicroelectronics USB_DEVICE 3.0.0
2022-05-02 21:03:35,088 [INFO] ThirdParty:977 - CMSIS Pack Vendor :STMicroelectronics HAL Drivers 0.0.0
2022-05-02 21:03:35,088 [INFO] ThirdParty:977 - CMSIS Pack Vendor :STMicroelectronics MBEDTLS 2.16.2
2022-05-02 21:03:35,088 [INFO] ThirdParty:977 - CMSIS Pack Vendor :emotas I-CUBE-CANOPEN 1.1.2
2022-05-02 21:03:35,088 [INFO] ThirdParty:977 - CMSIS Pack Vendor :STMicroelectronics MBEDTLS 2.14.1
2022-05-02 21:03:35,088 [INFO] ThirdParty:977 - CMSIS Pack Vendor :STMicroelectronics X-CUBE-NFC7 1.0.0
2022-05-02 21:03:35,088 [INFO] ThirdParty:977 - CMSIS Pack Vendor :STMicroelectronics X-CUBE-AZRTOS-F7 1.0.0
2022-05-02 21:03:35,088 [INFO] ThirdParty:977 - CMSIS Pack Vendor :STMicroelectronics X-CUBE-MEMS1 9.2.0
2022-05-02 21:03:35,088 [INFO] ThirdParty:977 - CMSIS Pack Vendor :STMicroelectronics X-CUBE-AZRTOS-WL 1.0.0
2022-05-02 21:03:35,088 [INFO] ThirdParty:977 - CMSIS Pack Vendor :STMicroelectronics X-CUBE-SUBG2 4.2.0
2022-05-02 21:03:35,088 [INFO] ThirdParty:977 - CMSIS Pack Vendor :portGmbH I-Cube-SoM-uGOAL 1.1.0
2022-05-02 21:03:35,088 [INFO] ThirdParty:977 - CMSIS Pack Vendor :STMicroelectronics X-CUBE-ALS 1.0.1
2022-05-02 21:03:35,088 [INFO] ThirdParty:977 - CMSIS Pack Vendor :STMicroelectronics USB_DEVICE 2.0.0
2022-05-02 21:03:35,088 [INFO] ThirdParty:977 - CMSIS Pack Vendor :STMicroelectronics X-CUBE-AI 7.1.0
2022-05-02 21:03:35,088 [INFO] ThirdParty:977 - CMSIS Pack Vendor :STMicroelectronics X-CUBE-TOUCHGFX 4.19.1
2022-05-02 21:03:35,088 [INFO] ThirdParty:977 - CMSIS Pack Vendor :STMicroelectronics ThreadX 1.0.0
2022-05-02 21:03:35,088 [INFO] ThirdParty:977 - CMSIS Pack Vendor :STMicroelectronics X-CUBE-BLE1 6.2.3
2022-05-02 21:03:35,088 [INFO] ThirdParty:977 - CMSIS Pack Vendor :STMicroelectronics X-CUBE-ALGOBUILD 1.3.0
2022-05-02 21:03:35,088 [INFO] ThirdParty:977 - CMSIS Pack Vendor :STMicroelectronics X-CUBE-AZRTOS-L5 1.0.0
2022-05-02 21:03:35,088 [INFO] ThirdParty:977 - CMSIS Pack Vendor :STMicroelectronics FreeRTOS 0.0.1
2022-05-02 21:03:35,088 [INFO] ThirdParty:977 - CMSIS Pack Vendor :STMicroelectronics USB_DEVICE 1.0.0
2022-05-02 21:03:35,088 [INFO] ThirdParty:977 - CMSIS Pack Vendor :SEGGER I-CUBE-embOS 1.2.0
2022-05-02 21:03:35,088 [INFO] ThirdParty:977 - CMSIS Pack Vendor :STMicroelectronics STM32_WPAN 1.0.0
2022-05-02 21:03:35,088 [INFO] ThirdParty:977 - CMSIS Pack Vendor :STMicroelectronics X-CUBE-AZRTOS-G0 1.0.0
2022-05-02 21:03:35,088 [INFO] ThirdParty:977 - CMSIS Pack Vendor :STMicroelectronics X-CUBE-EEPRMA1 3.1.1
2022-05-02 21:03:35,088 [INFO] ThirdParty:977 - CMSIS Pack Vendor :STMicroelectronics X-CUBE-GNSS1 5.2.0
2022-05-02 21:03:35,088 [INFO] ThirdParty:977 - CMSIS Pack Vendor :STMicroelectronics ThreadX 0.0.2
2022-05-02 21:03:35,088 [INFO] ThirdParty:977 - CMSIS Pack Vendor :STMicroelectronics lwIP 2.0.3
2022-05-02 21:03:35,088 [INFO] ThirdParty:977 - CMSIS Pack Vendor :STMicroelectronics lwIP 2.1.2
2022-05-02 21:03:35,088 [INFO] ThirdParty:977 - CMSIS Pack Vendor :STMicroelectronics X-CUBE-NFC4 2.0.4
2022-05-02 21:03:35,088 [INFO] ThirdParty:977 - CMSIS Pack Vendor :STMicroelectronics X-CUBE-BLE2 3.2.2
2022-05-02 21:03:35,088 [INFO] ThirdParty:977 - CMSIS Pack Vendor :STMicroelectronics USB_HOST 1.0.0
2022-05-02 21:03:35,088 [INFO] ThirdParty:977 - CMSIS Pack Vendor :STMicroelectronics X-CUBE-DISPLAY 2.1.0
2022-05-02 21:03:35,088 [INFO] ThirdParty:977 - CMSIS Pack Vendor :STMicroelectronics PDM2PCM 3.1.0
2022-05-02 21:03:35,088 [INFO] ThirdParty:977 - CMSIS Pack Vendor :STMicroelectronics PDM2PCM 3.2.0
2022-05-02 21:03:35,088 [INFO] ThirdParty:977 - CMSIS Pack Vendor :STMicroelectronics X-CUBE-TOF1 3.0.0
2022-05-02 21:03:35,088 [INFO] ThirdParty:977 - CMSIS Pack Vendor :STMicroelectronics PDM2PCM 3.3.0
2022-05-02 21:03:35,088 [INFO] ThirdParty:793 - exiting critical section [change project]
2022-05-02 21:03:35,463 [INFO] PinOutPanel:1465 - setPackage(No Configuration,No Configuration)
2022-05-02 21:03:35,463 [INFO] PinOutPanel:1465 - setPackage(STM32F103C6Tx,LQFP48)
2022-05-02 21:03:36,166 [INFO] UtilMem:74 - Before build in PCC Used Memory: 304181440 Bytes (455081984)
2022-05-02 21:03:37,059 [INFO] UtilMem:74 - After build in PCC Used Memory: 320396096 Bytes (455081984)
2022-05-02 21:03:37,095 [INFO] IPUIPlugin:75 - create IPUIPlugin
2022-05-02 21:03:37,095 [INFO] IPUIPlugin:75 - create IPUIPlugin
2022-05-02 21:03:37,095 [INFO] IPUIPlugin:75 - create IPUIPlugin
2022-05-02 21:03:37,106 [INFO] IPUIPlugin:75 - create IPUIPlugin
2022-05-02 21:03:37,106 [INFO] IPUIPlugin:75 - create IPUIPlugin
2022-05-02 21:03:37,106 [INFO] IPUIPlugin:75 - create IPUIPlugin
2022-05-02 21:03:37,106 [INFO] IPUIPlugin:75 - create IPUIPlugin
2022-05-02 21:03:37,106 [INFO] IPUIPlugin:75 - create IPUIPlugin
2022-05-02 21:03:37,106 [INFO] IPUIPlugin:75 - create IPUIPlugin
2022-05-02 21:03:37,106 [INFO] IPUIPlugin:75 - create IPUIPlugin
2022-05-02 21:03:37,106 [INFO] IPUIPlugin:75 - create IPUIPlugin
2022-05-02 21:03:37,106 [INFO] IPUIPlugin:75 - create IPUIPlugin
2022-05-02 21:03:37,106 [INFO] IPUIPlugin:75 - create IPUIPlugin
2022-05-02 21:03:37,106 [INFO] IPUIPlugin:75 - create IPUIPlugin
2022-05-02 21:03:37,106 [INFO] IPUIPlugin:75 - create IPUIPlugin
2022-05-02 21:03:37,106 [INFO] IPUIPlugin:75 - create IPUIPlugin
2022-05-02 21:03:37,106 [INFO] IPUIPlugin:75 - create IPUIPlugin
2022-05-02 21:03:37,106 [INFO] IPUIPlugin:75 - create IPUIPlugin
2022-05-02 21:03:37,106 [INFO] IPUIPlugin:75 - create IPUIPlugin
2022-05-02 21:03:37,106 [INFO] IPUIPlugin:75 - create IPUIPlugin
2022-05-02 21:03:37,106 [INFO] IPUIPlugin:75 - create IPUIPlugin
2022-05-02 21:03:37,106 [INFO] IPUIPlugin:75 - create IPUIPlugin
2022-05-02 21:03:37,106 [INFO] IPUIPlugin:75 - create IPUIPlugin
2022-05-02 21:03:37,356 [INFO] OpenFileManager:323 - Restore cursor
2022-05-02 21:03:38,232 [INFO] UtilMem:74 - End SaveConfig() Used Memory: 341955752 Bytes (455081984)
2022-05-02 21:03:38,295 [INFO] UtilMem:74 - End SaveConfig() Used Memory: 359568728 Bytes (455081984)
2022-05-02 21:03:39,076 [INFO] BlockDiagram:2740 - set Specific Code input for plugin: NVIC
2022-05-02 21:03:39,076 [INFO] BlockDiagram:2740 - set Specific Code input for plugin: SYS
2022-05-02 21:03:39,076 [INFO] BlockDiagram:2740 - set Specific Code input for plugin: RCC
2022-05-02 21:03:39,076 [INFO] CodeGenerator:681 - code generatio: config db path: C:\ST\STM32CubeIDE_1.7.0\STM32CubeIDE\plugins\com.st.stm32cube.common.mx_6.5.0.202202251913\\db\
2022-05-02 21:03:39,654 [INFO] CodeEngine:237 - oldGeneratedFile, C:\Users\asus\STM32CubeIDE\workspace_1.7.0\Led_Blink\MXTmpFiles\license.tmp_save
2022-05-02 21:03:40,264 [INFO] CodeEngine:261 - Generated code: C:\Users\asus\STM32CubeIDE\workspace_1.7.0\Led_Blink\MXTmpFiles\license.tmp
2022-05-02 21:03:40,389 [INFO] CodeEngine:237 - oldGeneratedFile, C:\Users\asus\STM32CubeIDE\workspace_1.7.0\Led_Blink\Core\Src\stm32f1xx_it.c_save
2022-05-02 21:03:40,670 [INFO] CodeEngine:261 - Generated code: C:\Users\asus\STM32CubeIDE\workspace_1.7.0\Led_Blink\Core\Src\stm32f1xx_it.c
2022-05-02 21:03:40,670 [INFO] CodeEngine:237 - oldGeneratedFile, C:\Users\asus\STM32CubeIDE\workspace_1.7.0\Led_Blink\Core\Inc\stm32f1xx_it.h_save
2022-05-02 21:03:40,810 [INFO] CodeEngine:261 - Generated code: C:\Users\asus\STM32CubeIDE\workspace_1.7.0\Led_Blink\Core\Inc\stm32f1xx_it.h
2022-05-02 21:03:40,826 [INFO] CodeEngine:237 - oldGeneratedFile, C:\Users\asus\STM32CubeIDE\workspace_1.7.0\Led_Blink\Core\Src\stm32f1xx_hal_msp.c_save
2022-05-02 21:03:41,070 [INFO] CodeEngine:261 - Generated code: C:\Users\asus\STM32CubeIDE\workspace_1.7.0\Led_Blink\Core\Src\stm32f1xx_hal_msp.c
2022-05-02 21:03:41,086 [INFO] CodeEngine:237 - oldGeneratedFile, C:\Users\asus\STM32CubeIDE\workspace_1.7.0\Led_Blink\MXTmpFiles\system.tmp_save
2022-05-02 21:03:41,211 [INFO] CodeEngine:261 - Generated code: C:\Users\asus\STM32CubeIDE\workspace_1.7.0\Led_Blink\MXTmpFiles\system.tmp
2022-05-02 21:03:41,226 [INFO] CodeEngine:237 - oldGeneratedFile, C:\Users\asus\STM32CubeIDE\workspace_1.7.0\Led_Blink\Core\Inc\stm32f1xx_hal_conf.h_save
2022-05-02 21:03:41,445 [INFO] CodeEngine:261 - Generated code: C:\Users\asus\STM32CubeIDE\workspace_1.7.0\Led_Blink\Core\Inc\stm32f1xx_hal_conf.h
2022-05-02 21:03:41,502 [INFO] CodeEngine:237 - oldGeneratedFile, C:\Users\asus\STM32CubeIDE\workspace_1.7.0\Led_Blink\Core\Inc\main.h_save
2022-05-02 21:03:41,721 [INFO] CodeEngine:261 - Generated code: C:\Users\asus\STM32CubeIDE\workspace_1.7.0\Led_Blink\Core\Inc\main.h
2022-05-02 21:03:41,721 [INFO] CodeEngine:237 - oldGeneratedFile, C:\Users\asus\STM32CubeIDE\workspace_1.7.0\Led_Blink\Core\Src\main.c_save
2022-05-02 21:03:42,034 [INFO] CodeEngine:261 - Generated code: C:\Users\asus\STM32CubeIDE\workspace_1.7.0\Led_Blink\Core\Src\main.c
2022-05-02 21:03:43,395 [INFO] ProjectBuilder:2913 - Time for Copy HAL[1] : 266mS.
2022-05-02 21:03:43,410 [INFO] ProjectBuilder:4015 - Project Generator version: 3.16.0
2022-05-02 21:03:43,926 [INFO] ConfigFileManager:1287 - The Die is : DIE412
2022-05-02 21:03:43,942 [INFO] ApiDbMcu:488 - Load IP Config File for FATFS
2022-05-02 21:03:44,004 [INFO] ApiDbMcu:488 - Load IP Config File for FREERTOS
2022-05-02 21:03:44,035 [INFO] ApiDbMcu:488 - Load IP Config File for USB_DEVICE
2022-05-02 21:03:47,710 [INFO] ProjectBuilder:4183 - Time for Generating toolchain IDE Files: 4300mS.
2022-05-02 21:03:47,726 [INFO] ProjectBuilder:2785 - Time for Copy CMSIS : 16mS.
2022-05-02 21:03:47,726 [INFO] ProjectBuilder:2785 - Time for Copy CMSIS : 0mS.
2022-05-02 21:03:47,960 [INFO] McuFinderGlobals:52 - Set McuFinderConnectedMode to true
2022-05-02 21:03:47,960 [INFO] ApiDb:432 - Save user favorites file C:\Users\asus/.stm32cubeide/favorites.mcus.txt: 0 item(s)
2022-05-02 21:03:47,960 [INFO] ApiDb:436 - User favorites MCUs=[]
